{
  "stats": {
    "suites": 1,
    "tests": 1,
    "passes": 0,
    "pending": 0,
    "failures": 1,
    "start": "2025-09-17T19:27:39.074Z",
    "end": "2025-09-17T19:28:34.043Z",
    "duration": 54969,
    "testsRegistered": 1,
    "passPercent": 0,
    "pendingPercent": 0,
    "other": 0,
    "hasOther": false,
    "skipped": 0,
    "hasSkipped": false
  },
  "results": [
    {
      "uuid": "cbe4314d-bd44-4301-be64-57b49afd67d4",
      "title": "",
      "fullFile": "cypress\\e2e\\login.cy.js",
      "file": "cypress\\e2e\\login.cy.js",
      "beforeHooks": [],
      "afterHooks": [],
      "tests": [],
      "suites": [
        {
          "uuid": "3f46f2cc-257c-423d-ae83-ca88b8f92bac",
          "title": "Dashboardvsapplicationcount",
          "fullFile": "",
          "file": "",
          "beforeHooks": [],
          "afterHooks": [],
          "tests": [
            {
              "title": "loginapp",
              "fullTitle": "Dashboardvsapplicationcount loginapp",
              "timedOut": null,
              "duration": 51218,
              "state": "failed",
              "speed": null,
              "pass": false,
              "fail": true,
              "pending": false,
              "context": null,
              "code": "cy.visit('https://sandbox20.cloudeagle.info/app/application');\ncy.wait(10000);\nconst ln = new _loginpage.default();\nconst ds = new _dashboardpage.default();\nconst app = new _applicationpage.default();\nln.setusername(\"support+sandbox20@cloudeagle.ai\");\nln.setpassword(\"[x1nkS6]8~f]A#U;\");\ncy.wait(5000);\nln.clicksubmit();\ncy.wait(15000);\ncy.get('a[href=\"/app/dashboard\"]').click();\n//cy.get('.apphome_menuWrapper__KpdoD').invoke('show')\n//cy.get(':nth-child(2) > a > .sc-jMsorb').click()\n//capture dashboard count\n//let dashboardcout;//variable\nlet dashboardcount;\nds.getManagedApplicationsCount().invoke('text').then(text => {\n  dashboardcount = text.trim();\n});\ncy.wait(10000);\n// Step 3: Click card and navigate to Applications page\nds.clickManagedApplicationsCard();\n// Step 4: Capture Applications page count\nlet appcount;\napp.getApplicationsCount().invoke('text').then(text => {\n  const appcount = text.trim();\n  // Step 5: Assert\n  expect(appcount).to.eq(dashboardcount.toString());\n});",
              "err": {
                "message": "AssertionError: expected '< 30 %' to equal ''",
                "estack": "AssertionError: expected '< 30 %' to equal ''\n    at Context.eval (webpack://cypress/./cypress/e2e/login.cy.js:43:26)\n    at getRet (https://sandbox20.cloudeagle.info/__cypress/runner/cypress_runner.js:121565:20)\n    at tryCatcher (https://sandbox20.cloudeagle.info/__cypress/runner/cypress_runner.js:1777:23)\n    at Promise.attempt.Promise.try (https://sandbox20.cloudeagle.info/__cypress/runner/cypress_runner.js:4285:29)\n    at Context.thenFn (https://sandbox20.cloudeagle.info/__cypress/runner/cypress_runner.js:121576:66)\n    at Context.then (https://sandbox20.cloudeagle.info/__cypress/runner/cypress_runner.js:121827:21)",
                "diff": "- '< 30 %'\n"
              },
              "uuid": "55bb2988-ad53-4d38-94fa-0ab9eef86cf5",
              "parentUUID": "3f46f2cc-257c-423d-ae83-ca88b8f92bac",
              "isHook": false,
              "skipped": false
            }
          ],
          "suites": [],
          "passes": [],
          "failures": [
            "55bb2988-ad53-4d38-94fa-0ab9eef86cf5"
          ],
          "pending": [],
          "skipped": [],
          "duration": 51218,
          "root": false,
          "rootEmpty": false,
          "_timeout": 2000
        }
      ],
      "passes": [],
      "failures": [],
      "pending": [],
      "skipped": [],
      "duration": 0,
      "root": true,
      "rootEmpty": true,
      "_timeout": 2000
    }
  ],
  "meta": {
    "mocha": {
      "version": "7.2.0"
    },
    "mochawesome": {
      "options": {
        "quiet": false,
        "reportFilename": "mochawesome",
        "saveHtml": false,
        "saveJson": true,
        "consoleReporter": "spec",
        "useInlineDiffs": false,
        "code": true
      },
      "version": "7.1.4"
    },
    "marge": {
      "options": {
        "reportDir": "cypress/reports",
        "overwrite": false,
        "html": false,
        "json": true
      },
      "version": "6.3.0"
    }
  }
}